Build started 02/01/2018 15:47:08.
     1>Project "C:\Users\CXXXV\Documents\Project\TA\coba-coba\cinder_0.9.1_vc2013\cinder_0.9.1_vc2013\CinderProject\vc2013\CinderProject.vcxproj" on node 2 (Build target(s)).
     1>InitializeBuildStatus:
         Touching "C:\Users\CXXXV\Documents\Project\TA\coba-coba\cinder_0.9.1_vc2013\cinder_0.9.1_vc2013\CinderProject\vc2013\build\Win32\Debug\intermediate\CinderProject.tlog\unsuccessfulbuild".
       AddCudaCompileDeps:
       Skipping target "AddCudaCompileDeps" because all output files are up-to-date with respect to the input files.
       AddCudaCompileDeps:
       Skipping target "AddCudaCompileDeps" because all output files are up-to-date with respect to the input files.
       AddCudaCompilePropsDeps:
       Skipping target "AddCudaCompilePropsDeps" because all output files are up-to-date with respect to the input files.
       AddCudaCompilePropsDeps:
       Skipping target "AddCudaCompilePropsDeps" because all output files are up-to-date with respect to the input files.
     1>Project "C:\Users\CXXXV\Documents\Project\TA\coba-coba\cinder_0.9.1_vc2013\cinder_0.9.1_vc2013\CinderProject\vc2013\CinderProject.vcxproj" (1) is building "C:\Users\CXXXV\Documents\Project\TA\coba-coba\cinder_0.9.1_vc2013\cinder_0.9.1_vc2013\CinderProject\vc2013\CinderProject.vcxproj" (1:2) on node 2 (CudaBuildCore target(s)).
     1>CudaBuildCore:
       Skipping target "CudaBuildCore" because all output files are up-to-date with respect to the input files.
     1>Done Building Project "C:\Users\CXXXV\Documents\Project\TA\coba-coba\cinder_0.9.1_vc2013\cinder_0.9.1_vc2013\CinderProject\vc2013\CinderProject.vcxproj" (CudaBuildCore target(s)).
     1>Project "C:\Users\CXXXV\Documents\Project\TA\coba-coba\cinder_0.9.1_vc2013\cinder_0.9.1_vc2013\CinderProject\vc2013\CinderProject.vcxproj" (1) is building "C:\Users\CXXXV\Documents\Project\TA\coba-coba\cinder_0.9.1_vc2013\cinder_0.9.1_vc2013\CinderProject\vc2013\CinderProject.vcxproj" (1:3) on node 1 (CudaBuildCore target(s)).
     1>CudaBuildCore:
       Skipping target "CudaBuildCore" because all output files are up-to-date with respect to the input files.
     1>Done Building Project "C:\Users\CXXXV\Documents\Project\TA\coba-coba\cinder_0.9.1_vc2013\cinder_0.9.1_vc2013\CinderProject\vc2013\CinderProject.vcxproj" (CudaBuildCore target(s)).
     1>ClCompile:
         C:\Program Files (x86)\Microsoft Visual Studio 12.0\VC\bin\CL.exe /c /I..\include /I..\..\include /Zi /W3 /WX- /MP /Od /Oy- /D WIN32 /D _WIN32_WINNT=0x0601 /D _WINDOWS /D NOMINMAX /D _DEBUG /D _UNICODE /D UNICODE /Gm /EHsc /RTC1 /MTd /GS /fp:precise /Zc:wchar_t /Zc:forScope /Fo"C:\Users\CXXXV\Documents\Project\TA\coba-coba\cinder_0.9.1_vc2013\cinder_0.9.1_vc2013\CinderProject\vc2013\build\Win32\Debug\intermediate\\" /Fd"C:\Users\CXXXV\Documents\Project\TA\coba-coba\cinder_0.9.1_vc2013\cinder_0.9.1_vc2013\CinderProject\vc2013\build\Win32\Debug\intermediate\vc120.pdb" /Gd /TP /analyze- /errorReport:prompt ..\src\CinderProjectApp.cpp
         Microsoft (R) C/C++ Optimizing Compiler Version 18.00.31101 for x86
         Copyright (C) Microsoft Corporation.  All rights reserved.
         
         cl /c /I..\include /I..\..\include /Zi /W3 /WX- /MP /Od /Oy- /D WIN32 /D _WIN32_WINNT=0x0601 /D _WINDOWS /D NOMINMAX /D _DEBUG /D _UNICODE /D UNICODE /Gm /EHsc /RTC1 /MTd /GS /fp:precise /Zc:wchar_t /Zc:forScope /Fo"C:\Users\CXXXV\Documents\Project\TA\coba-coba\cinder_0.9.1_vc2013\cinder_0.9.1_vc2013\CinderProject\vc2013\build\Win32\Debug\intermediate\\" /Fd"C:\Users\CXXXV\Documents\Project\TA\coba-coba\cinder_0.9.1_vc2013\cinder_0.9.1_vc2013\CinderProject\vc2013\build\Win32\Debug\intermediate\vc120.pdb" /Gd /TP /analyze- /errorReport:prompt ..\src\CinderProjectApp.cpp
         
         CinderProjectApp.cpp
     1>..\src\CinderProjectApp.cpp(10): warning C4244: '=' : conversion from 'float' to 'int', possible loss of data
       ResourceCompile:
         All outputs are up-to-date.
       Link:
         C:\Program Files (x86)\Microsoft Visual Studio 12.0\VC\bin\link.exe /ERRORREPORT:PROMPT /OUT:"C:\Users\CXXXV\Documents\Project\TA\coba-coba\cinder_0.9.1_vc2013\cinder_0.9.1_vc2013\CinderProject\vc2013\build\Win32\Debug\CinderProject.exe" /INCREMENTAL /NOLOGO /LIBPATH:..\..\lib\msw\x86 /LIBPATH:..\..\lib\msw\x86\Debug\v120\ /LIBPATH:"C:\Program Files\NVIDIA GPU Computing Toolkit\CUDA\v9.1\lib\Win32" cinder.lib OpenGL32.lib cudart.lib kernel32.lib user32.lib gdi32.lib winspool.lib comdlg32.lib advapi32.lib shell32.lib ole32.lib oleaut32.lib uuid.lib odbc32.lib odbccp32.lib /NODEFAULTLIB:LIBCMT /NODEFAULTLIB:LIBCPMT /MANIFEST /MANIFESTUAC:"level='asInvoker' uiAccess='false'" /manifest:embed /DEBUG /PDB:"C:\Users\CXXXV\Documents\Project\TA\coba-coba\cinder_0.9.1_vc2013\cinder_0.9.1_vc2013\CinderProject\vc2013\build\Win32\Debug\CinderProject.pdb" /SUBSYSTEM:WINDOWS /TLBID:1 /DYNAMICBASE:NO /IMPLIB:"C:\Users\CXXXV\Documents\Project\TA\coba-coba\cinder_0.9.1_vc2013\cinder_0.9.1_vc2013\CinderProject\vc2013\build\Win32\Debug\CinderProject.lib" /MACHINE:X86 "C:\Users\CXXXV\Documents\Project\TA\coba-coba\cinder_0.9.1_vc2013\cinder_0.9.1_vc2013\CinderProject\vc2013\build\Win32\Debug\intermediate\burden.cu.obj"
         "C:\Users\CXXXV\Documents\Project\TA\coba-coba\cinder_0.9.1_vc2013\cinder_0.9.1_vc2013\CinderProject\vc2013\build\Win32\Debug\intermediate\test.cu.obj"
         "C:\Users\CXXXV\Documents\Project\TA\coba-coba\cinder_0.9.1_vc2013\cinder_0.9.1_vc2013\CinderProject\vc2013\build\Win32\Debug\intermediate\Resources.res"
         "C:\Users\CXXXV\Documents\Project\TA\coba-coba\cinder_0.9.1_vc2013\cinder_0.9.1_vc2013\CinderProject\vc2013\build\Win32\Debug\intermediate\CinderProjectApp.obj"
         "C:\Users\CXXXV\Documents\Project\TA\coba-coba\cinder_0.9.1_vc2013\cinder_0.9.1_vc2013\CinderProject\vc2013\build\Win32\Debug\intermediate\Particle.obj"
         CinderProject.vcxproj -> C:\Users\CXXXV\Documents\Project\TA\coba-coba\cinder_0.9.1_vc2013\cinder_0.9.1_vc2013\CinderProject\vc2013\build\Win32\Debug\CinderProject.exe
       FinalizeBuildStatus:
         Deleting file "C:\Users\CXXXV\Documents\Project\TA\coba-coba\cinder_0.9.1_vc2013\cinder_0.9.1_vc2013\CinderProject\vc2013\build\Win32\Debug\intermediate\CinderProject.tlog\unsuccessfulbuild".
         Touching "C:\Users\CXXXV\Documents\Project\TA\coba-coba\cinder_0.9.1_vc2013\cinder_0.9.1_vc2013\CinderProject\vc2013\build\Win32\Debug\intermediate\CinderProject.tlog\CinderProject.lastbuildstate".
     1>Done Building Project "C:\Users\CXXXV\Documents\Project\TA\coba-coba\cinder_0.9.1_vc2013\cinder_0.9.1_vc2013\CinderProject\vc2013\CinderProject.vcxproj" (Build target(s)).

Build succeeded.

Time Elapsed 00:00:18.37
