c:\users\cxxxv\documents\project\ta\coba-coba\cinder_0.9.1_vc2013\cinder_0.9.1_vc2013\cinderproject\vc2013\build\win32\debug\intermediate\vc120.pdb
c:\users\cxxxv\documents\project\ta\coba-coba\cinder_0.9.1_vc2013\cinder_0.9.1_vc2013\cinderproject\vc2013\build\win32\debug\intermediate\vc120.idb
c:\users\cxxxv\documents\project\ta\coba-coba\cinder_0.9.1_vc2013\cinder_0.9.1_vc2013\cinderproject\vc2013\build\win32\debug\intermediate\cinderprojectapp.obj
c:\users\cxxxv\documents\project\ta\coba-coba\cinder_0.9.1_vc2013\cinder_0.9.1_vc2013\cinderproject\vc2013\build\win32\debug\cinderproject.ilk
c:\users\cxxxv\documents\project\ta\coba-coba\cinder_0.9.1_vc2013\cinder_0.9.1_vc2013\cinderproject\vc2013\build\win32\debug\cinderproject.exe
c:\users\cxxxv\documents\project\ta\coba-coba\cinder_0.9.1_vc2013\cinder_0.9.1_vc2013\cinderproject\vc2013\build\win32\debug\cinderproject.pdb
c:\users\cxxxv\documents\project\ta\coba-coba\cinder_0.9.1_vc2013\cinder_0.9.1_vc2013\cinderproject\vc2013\build\win32\debug\intermediate\resources.res
c:\users\cxxxv\documents\project\ta\coba-coba\cinder_0.9.1_vc2013\cinder_0.9.1_vc2013\cinderproject\vc2013\build\win32\debug\intermediate\burden.cu.cache
c:\users\cxxxv\documents\project\ta\coba-coba\cinder_0.9.1_vc2013\cinder_0.9.1_vc2013\cinderproject\vc2013\build\win32\debug\intermediate\cinderproject.vcxprojresolveassemblyreference.cache
c:\users\cxxxv\documents\project\ta\coba-coba\cinder_0.9.1_vc2013\cinder_0.9.1_vc2013\cinderproject\vc2013\build\win32\debug\intermediate\test.cu.cache
c:\users\cxxxv\documents\project\ta\coba-coba\cinder_0.9.1_vc2013\cinder_0.9.1_vc2013\cinderproject\vc2013\build\win32\debug\intermediate\burden.cu.obj
c:\users\cxxxv\documents\project\ta\coba-coba\cinder_0.9.1_vc2013\cinder_0.9.1_vc2013\cinderproject\vc2013\build\win32\debug\intermediate\test.cu.obj
c:\users\cxxxv\documents\project\ta\coba-coba\cinder_0.9.1_vc2013\cinder_0.9.1_vc2013\cinderproject\vc2013\build\win32\debug\intermediate\cinderproject.tlog\cl.command.1.tlog
c:\users\cxxxv\documents\project\ta\coba-coba\cinder_0.9.1_vc2013\cinder_0.9.1_vc2013\cinderproject\vc2013\build\win32\debug\intermediate\cinderproject.tlog\cl.read.1.tlog
c:\users\cxxxv\documents\project\ta\coba-coba\cinder_0.9.1_vc2013\cinder_0.9.1_vc2013\cinderproject\vc2013\build\win32\debug\intermediate\cinderproject.tlog\cl.write.1.tlog
c:\users\cxxxv\documents\project\ta\coba-coba\cinder_0.9.1_vc2013\cinder_0.9.1_vc2013\cinderproject\vc2013\build\win32\debug\intermediate\cinderproject.tlog\link.command.1.tlog
c:\users\cxxxv\documents\project\ta\coba-coba\cinder_0.9.1_vc2013\cinder_0.9.1_vc2013\cinderproject\vc2013\build\win32\debug\intermediate\cinderproject.tlog\link.read.1.tlog
c:\users\cxxxv\documents\project\ta\coba-coba\cinder_0.9.1_vc2013\cinder_0.9.1_vc2013\cinderproject\vc2013\build\win32\debug\intermediate\cinderproject.tlog\link.write.1.tlog
c:\users\cxxxv\documents\project\ta\coba-coba\cinder_0.9.1_vc2013\cinder_0.9.1_vc2013\cinderproject\vc2013\build\win32\debug\intermediate\cinderproject.tlog\rc.command.1.tlog
c:\users\cxxxv\documents\project\ta\coba-coba\cinder_0.9.1_vc2013\cinder_0.9.1_vc2013\cinderproject\vc2013\build\win32\debug\intermediate\cinderproject.tlog\rc.read.1.tlog
c:\users\cxxxv\documents\project\ta\coba-coba\cinder_0.9.1_vc2013\cinder_0.9.1_vc2013\cinderproject\vc2013\build\win32\debug\intermediate\cinderproject.tlog\rc.write.1.tlog
